# JRE version: OpenJDK Runtime Environment Microsoft-8035246 (17.0.8+7) (build 17.0.8+7-LTS)
# Java VM: OpenJDK 64-Bit Server VM Microsoft-8035246 (17.0.8+7-LTS, mixed mode, sharing, tiered, compressed oops, compressed class ptrs, g1 gc, windows-amd64)
GC Precious Log:
 CPUs: 4 total, 4 available
 Memory: 8082M
 Large Page Support: Disabled
 NUMA Support: Disabled
 Compressed Oops: Enabled (32-bit)
 Heap Region Size: 1M
 Heap Min Capacity: 8M
 Heap Initial Capacity: 128M
 Heap Max Capacity: 2G
 Pre-touch: Disabled
 Parallel Workers: 4
 Concurrent Workers: 1
 Concurrent Refinement Workers: 4
 Periodic GC: Disabled
Heap:
 garbage-first heap   total 333824K, used 237110K [0x0000000080000000, 0x0000000100000000)
  region size 1024K, 27 young (27648K), 6 survivors (6144K)
 Metaspace       used 105269K, committed 106752K, reserved 557056K
  class space    used 14734K, committed 15424K, reserved 425984K
GC Heap History (20 events):
Event: 86.777 GC heap before
{Heap before GC invocations=50 (full 0):
 garbage-first heap   total 277504K, used 217517K [0x0000000080000000, 0x0000000100000000)
  region size 1024K, 86 young (88064K), 12 survivors (12288K)
 Metaspace       used 95727K, committed 96832K, reserved 557056K
  class space    used 13500K, committed 14016K, reserved 425984K
}
Event: 86.799 GC heap after
{Heap after GC invocations=51 (full 0):
 garbage-first heap   total 277504K, used 147213K [0x0000000080000000, 0x0000000100000000)
  region size 1024K, 4 young (4096K), 4 survivors (4096K)
 Metaspace       used 95727K, committed 96832K, reserved 557056K
  class space    used 13500K, committed 14016K, reserved 425984K
}
Event: 87.981 GC heap before
{Heap before GC invocations=51 (full 0):
 garbage-first heap   total 277504K, used 221965K [0x0000000080000000, 0x0000000100000000)
  region size 1024K, 77 young (78848K), 4 survivors (4096K)
 Metaspace       used 97135K, committed 98240K, reserved 557056K
  class space    used 13672K, committed 14208K, reserved 425984K
}
Event: 88.009 GC heap after
{Heap after GC invocations=52 (full 0):
 garbage-first heap   total 277504K, used 157097K [0x0000000080000000, 0x0000000100000000)
  region size 1024K, 10 young (10240K), 10 survivors (10240K)
 Metaspace       used 97135K, committed 98240K, reserved 557056K
  class space    used 13672K, committed 14208K, reserved 425984K
}
Event: 89.022 GC heap before
{Heap before GC invocations=52 (full 0):
 garbage-first heap   total 277504K, used 223657K [0x0000000080000000, 0x0000000100000000)
  region size 1024K, 74 young (75776K), 10 survivors (10240K)
 Metaspace       used 97470K, committed 98624K, reserved 557056K
  class space    used 13708K, committed 14208K, reserved 425984K
}
Event: 89.053 GC heap after
{Heap after GC invocations=53 (full 0):
 garbage-first heap   total 277504K, used 168193K [0x0000000080000000, 0x0000000100000000)
  region size 1024K, 10 young (10240K), 10 survivors (10240K)
 Metaspace       used 97470K, committed 98624K, reserved 557056K
  class space    used 13708K, committed 14208K, reserved 425984K
}
Event: 92.224 GC heap before
{Heap before GC invocations=53 (full 0):
 garbage-first heap   total 277504K, used 225537K [0x0000000080000000, 0x0000000100000000)
  region size 1024K, 65 young (66560K), 10 survivors (10240K)
 Metaspace       used 98477K, committed 99776K, reserved 557056K
  class space    used 13868K, committed 14464K, reserved 425984K
}
Event: 92.254 GC heap after
{Heap after GC invocations=54 (full 0):
 garbage-first heap   total 277504K, used 182732K [0x0000000080000000, 0x0000000100000000)
  region size 1024K, 9 young (9216K), 9 survivors (9216K)
 Metaspace       used 98477K, committed 99776K, reserved 557056K
  class space    used 13868K, committed 14464K, reserved 425984K
}
Event: 93.718 GC heap before
{Heap before GC invocations=54 (full 0):
 garbage-first heap   total 277504K, used 226764K [0x0000000080000000, 0x0000000100000000)
  region size 1024K, 52 young (53248K), 9 survivors (9216K)
 Metaspace       used 100962K, committed 102208K, reserved 557056K
  class space    used 14257K, committed 14848K, reserved 425984K
}
Event: 93.759 GC heap after
{Heap after GC invocations=55 (full 0):
 garbage-first heap   total 277504K, used 187785K [0x0000000080000000, 0x0000000100000000)
  region size 1024K, 5 young (5120K), 5 survivors (5120K)
 Metaspace       used 100962K, committed 102208K, reserved 557056K
  class space    used 14257K, committed 14848K, reserved 425984K
}
Event: 95.445 GC heap before
{Heap before GC invocations=55 (full 0):
 garbage-first heap   total 277504K, used 229769K [0x0000000080000000, 0x0000000100000000)
  region size 1024K, 46 young (47104K), 5 survivors (5120K)
 Metaspace       used 102882K, committed 104320K, reserved 557056K
  class space    used 14493K, committed 15168K, reserved 425984K
}
Event: 95.495 GC heap after
{Heap after GC invocations=56 (full 0):
 garbage-first heap   total 277504K, used 193992K [0x0000000080000000, 0x0000000100000000)
  region size 1024K, 6 young (6144K), 6 survivors (6144K)
 Metaspace       used 102882K, committed 104320K, reserved 557056K
  class space    used 14493K, committed 15168K, reserved 425984K
}
Event: 96.434 GC heap before
{Heap before GC invocations=56 (full 0):
 garbage-first heap   total 277504K, used 231880K [0x0000000080000000, 0x0000000100000000)
  region size 1024K, 43 young (44032K), 6 survivors (6144K)
 Metaspace       used 103566K, committed 104960K, reserved 557056K
  class space    used 14558K, committed 15232K, reserved 425984K
}
Event: 96.460 GC heap after
{Heap after GC invocations=57 (full 0):
 garbage-first heap   total 333824K, used 199000K [0x0000000080000000, 0x0000000100000000)
  region size 1024K, 6 young (6144K), 6 survivors (6144K)
 Metaspace       used 103566K, committed 104960K, reserved 557056K
  class space    used 14558K, committed 15232K, reserved 425984K
}
Event: 97.840 GC heap before
{Heap before GC invocations=57 (full 0):
 garbage-first heap   total 333824K, used 265560K [0x0000000080000000, 0x0000000100000000)
  region size 1024K, 71 young (72704K), 6 survivors (6144K)
 Metaspace       used 103844K, committed 105216K, reserved 557056K
  class space    used 14567K, committed 15232K, reserved 425984K
}
Event: 97.864 GC heap after
{Heap after GC invocations=58 (full 0):
 garbage-first heap   total 333824K, used 205076K [0x0000000080000000, 0x0000000100000000)
  region size 1024K, 7 young (7168K), 7 survivors (7168K)
 Metaspace       used 103844K, committed 105216K, reserved 557056K
  class space    used 14567K, committed 15232K, reserved 425984K
}
Event: 99.198 GC heap before
{Heap before GC invocations=58 (full 0):
 garbage-first heap   total 333824K, used 268564K [0x0000000080000000, 0x0000000100000000)
  region size 1024K, 70 young (71680K), 7 survivors (7168K)
 Metaspace       used 104803K, committed 106176K, reserved 557056K
  class space    used 14689K, committed 15360K, reserved 425984K
}
Event: 99.228 GC heap after
{Heap after GC invocations=59 (full 0):
 garbage-first heap   total 333824K, used 211769K [0x0000000080000000, 0x0000000100000000)
  region size 1024K, 7 young (7168K), 7 survivors (7168K)
 Metaspace       used 104803K, committed 106176K, reserved 557056K
  class space    used 14689K, committed 15360K, reserved 425984K
}
Event: 100.662 GC heap before
{Heap before GC invocations=59 (full 0):
 garbage-first heap   total 333824K, used 274233K [0x0000000080000000, 0x0000000100000000)
  region size 1024K, 68 young (69632K), 7 survivors (7168K)
 Metaspace       used 105269K, committed 106752K, reserved 557056K
  class space    used 14734K, committed 15424K, reserved 425984K
}
Event: 100.681 GC heap after
{Heap after GC invocations=60 (full 0):
 garbage-first heap   total 333824K, used 217654K [0x0000000080000000, 0x0000000100000000)
  region size 1024K, 6 young (6144K), 6 survivors (6144K)
 Metaspace       used 105269K, committed 106752K, reserved 557056K
  class space    used 14734K, committed 15424K, reserved 425984K
}

